<?xml version="1.0" encoding="UTF-8"?>
<!-- Generated by org.testng.reporters.JUnitReportReporter -->
<testsuite hostname="priyaranjan" failures="0" tests="1" name="com.gmail.loginpage.VerifyCreateAccountFucntionalityTest" time="5.791" errors="0" timestamp="2022-10-18T19:51:15 IST" skipped="0">
  <testcase classname="com.gmail.loginpage.VerifyCreateAccountFucntionalityTest" name="test6" time="5.791"/>
  <system-out/>
</testsuite> <!-- com.gmail.loginpage.VerifyCreateAccountFucntionalityTest -->
