<?xml version="1.0" encoding="UTF-8"?>
<!-- Generated by org.testng.reporters.JUnitReportReporter -->
<testsuite hostname="priyaranjan" failures="0" tests="1" name="com.gmail.loginpage.LoginWithvaliEmailAndinvalidPassWordTest" time="9.591" errors="0" timestamp="2022-10-18T17:41:59 IST" skipped="0">
  <testcase classname="com.gmail.loginpage.LoginWithvaliEmailAndinvalidPassWordTest" name="logintest2" time="9.591"/>
  <system-out/>
</testsuite> <!-- com.gmail.loginpage.LoginWithvaliEmailAndinvalidPassWordTest -->
