<?xml version="1.0" encoding="UTF-8"?>
<!-- Generated by org.testng.reporters.JUnitReportReporter -->
<testsuite hostname="priyaranjan" failures="0" tests="1" name="com.gmail.loginpage.VerifyForgotEmailFunctionalityTest" time="1.629" errors="0" timestamp="2022-10-18T17:51:00 IST" skipped="0">
  <testcase classname="com.gmail.loginpage.VerifyForgotEmailFunctionalityTest" name="test4" time="1.629"/>
  <system-out/>
</testsuite> <!-- com.gmail.loginpage.VerifyForgotEmailFunctionalityTest -->
