<?xml version="1.0" encoding="UTF-8"?>
<!-- Generated by org.testng.reporters.JUnitReportReporter -->
<testsuite hostname="priyaranjan" failures="0" tests="1" name="com.gmail.loginpage.LoginToGmailWithValidEmailAndPasswordTest" time="12.183" errors="0" timestamp="2022-10-18T17:12:05 IST" skipped="0">
  <testcase classname="com.gmail.loginpage.LoginToGmailWithValidEmailAndPasswordTest" name="loginTest" time="12.183"/>
  <system-out/>
</testsuite> <!-- com.gmail.loginpage.LoginToGmailWithValidEmailAndPasswordTest -->
