<?xml version="1.0" encoding="UTF-8"?>
<!-- Generated by org.testng.reporters.JUnitReportReporter -->
<testsuite hostname="priyaranjan" failures="0" tests="1" name="com.gmail.loginpage.VerifybackButtonAfterLogoutTest" time="34.286" errors="0" timestamp="2022-10-18T22:16:35 IST" skipped="0">
  <testcase classname="com.gmail.loginpage.VerifybackButtonAfterLogoutTest" name="test12" time="34.286"/>
  <system-out/>
</testsuite> <!-- com.gmail.loginpage.VerifybackButtonAfterLogoutTest -->
