<?xml version="1.0" encoding="UTF-8"?>
<!-- Generated by org.testng.reporters.JUnitReportReporter -->
<testsuite hostname="TYC1221031" failures="0" tests="1" name="com.crm.createOrganisation.CreateOrganizationWithIndustryAndTypeTest" time="28.582" errors="0" timestamp="2022-08-01T21:58:30 IST" skipped="0">
  <testcase classname="com.crm.createOrganisation.CreateOrganizationWithIndustryAndTypeTest" name="createOrganizationWithIndustryAndTypeTest" time="28.582"/>
  <system-out>
    <![CDATA[CreateOrganizationWithIndustryAndTypeTest is pass]]>
  </system-out>
</testsuite> <!-- com.crm.createOrganisation.CreateOrganizationWithIndustryAndTypeTest -->
