<?xml version="1.0" encoding="UTF-8"?>
<!-- Generated by org.testng.reporters.JUnitReportReporter -->
<testsuite hostname="priyaranjan" failures="0" tests="1" name="com.gmail.loginpage.VerifyFuctionalityOflearnMoreLinkTest" time="3.067" errors="0" timestamp="2022-10-18T23:27:52 IST" skipped="0">
  <testcase classname="com.gmail.loginpage.VerifyFuctionalityOflearnMoreLinkTest" name="test9" time="3.067"/>
  <system-out/>
</testsuite> <!-- com.gmail.loginpage.VerifyFuctionalityOflearnMoreLinkTest -->
