<?xml version="1.0" encoding="UTF-8"?>
<!-- Generated by org.testng.reporters.JUnitReportReporter -->
<testsuite hostname="priyaranjan" failures="0" tests="1" name="com.gmail.loginpage.VerifyForgotPasswordFunctionalityTest" time="15.449" errors="0" timestamp="2022-10-18T17:58:01 IST" skipped="0">
  <testcase classname="com.gmail.loginpage.VerifyForgotPasswordFunctionalityTest" name="test5" time="15.449"/>
  <system-out/>
</testsuite> <!-- com.gmail.loginpage.VerifyForgotPasswordFunctionalityTest -->
