<?xml version="1.0" encoding="UTF-8"?>
<!-- Generated by org.testng.reporters.JUnitReportReporter -->
<testsuite hostname="priyaranjan" failures="0" tests="1" name="com.gmail.loginpage.VerifyShowPassWordCheckBoxTest" time="12.701" errors="0" timestamp="2022-10-18T20:34:24 IST" skipped="0">
  <testcase classname="com.gmail.loginpage.VerifyShowPassWordCheckBoxTest" name="test8" time="12.701"/>
  <system-out/>
</testsuite> <!-- com.gmail.loginpage.VerifyShowPassWordCheckBoxTest -->
