<?xml version="1.0" encoding="UTF-8"?>
<!-- Generated by org.testng.reporters.JUnitReportReporter -->
<testsuite hostname="TYC1221031" failures="0" tests="1" name="com.crm.createOrganisation.ToCreateOrganisationTest" time="40.278" errors="0" timestamp="2022-08-01T21:55:04 IST" skipped="0">
  <testcase classname="com.crm.createOrganisation.ToCreateOrganisationTest" name="createOrganisationTest" time="40.278"/>
  <system-out>
    <![CDATA[createOrganisationTest is pass]]>
  </system-out>
</testsuite> <!-- com.crm.createOrganisation.ToCreateOrganisationTest -->
