<?xml version="1.0" encoding="UTF-8"?>
<!-- Generated by org.testng.reporters.JUnitReportReporter -->
<testsuite hostname="priyaranjan" failures="0" tests="1" name="com.gmail.loginpage.LoginWithBlankEmailorPassWordTest" time="0.994" errors="0" timestamp="2022-10-18T17:43:35 IST" skipped="0">
  <testcase classname="com.gmail.loginpage.LoginWithBlankEmailorPassWordTest" name="logintest3" time="0.994"/>
  <system-out/>
</testsuite> <!-- com.gmail.loginpage.LoginWithBlankEmailorPassWordTest -->
